<?xml version="1.0" encoding="utf-8"?><testsuites name="pytest tests"><testsuite name="pytest" errors="0" failures="1" skipped="0" tests="19" time="24.201" timestamp="2026-06-17T09:22:40.069247+00:00" hostname="agent-env-abb163a6-915c-4f75-b87a-f821deea200f"><testcase classname="backend.tests.test_resilience_backend.TestAuth" name="test_register_new_user" time="0.505"><failure message="AssertionError: assert 'test_reg_1b15f099@lab.io' == 'TEST_reg_1b15f099@lab.io'&#10;  &#10;  - TEST_reg_1b15f099@lab.io&#10;  ? ^^^^&#10;  + test_reg_1b15f099@lab.io&#10;  ? ^^^^">backend/tests/test_resilience_backend.py:59: in test_register_new_user
    assert body["email"] == email
E   AssertionError: assert 'test_reg_1b15f099@lab.io' == 'TEST_reg_1b15f099@lab.io'
E     
E     - TEST_reg_1b15f099@lab.io
E     ? ^^^^
E     + test_reg_1b15f099@lab.io
E     ? ^^^^</failure></testcase><testcase classname="backend.tests.test_resilience_backend.TestAuth" name="test_register_duplicate_email" time="0.471" /><testcase classname="backend.tests.test_resilience_backend.TestAuth" name="test_login_admin" time="0.350" /><testcase classname="backend.tests.test_resilience_backend.TestAuth" name="test_login_invalid_password" time="0.354" /><testcase classname="backend.tests.test_resilience_backend.TestAuth" name="test_me_requires_auth" time="0.097" /><testcase classname="backend.tests.test_resilience_backend.TestAuth" name="test_me_returns_current_user" time="0.392" /><testcase classname="backend.tests.test_resilience_backend.TestAuth" name="test_logout_clears_cookies" time="0.433" /><testcase classname="backend.tests.test_resilience_backend.TestProjects" name="test_list_requires_auth" time="0.122" /><testcase classname="backend.tests.test_resilience_backend.TestProjects" name="test_create_and_list" time="0.138" /><testcase classname="backend.tests.test_resilience_backend.TestProjects" name="test_create_duplicate_domain" time="0.096" /><testcase classname="backend.tests.test_resilience_backend.TestProjects" name="test_invalid_domain_format" time="0.049" /><testcase classname="backend.tests.test_resilience_backend.TestProjects" name="test_verify_returns_token_info" time="0.130" /><testcase classname="backend.tests.test_resilience_backend.TestProjects" name="test_delete_project" time="0.142" /><testcase classname="backend.tests.test_resilience_backend.TestStats" name="test_stats_overview_shape" time="0.046" /><testcase classname="backend.tests.test_resilience_backend.TestStats" name="test_stats_requires_auth" time="0.095" /><testcase classname="backend.tests.test_resilience_backend.TestTestRunner" name="test_create_test_unverified_returns_403" time="0.095" /><testcase classname="backend.tests.test_resilience_backend.TestTestRunner" name="test_safety_caps" time="0.208" /><testcase classname="backend.tests.test_resilience_backend.TestTestRunner" name="test_full_test_flow_smoke" time="14.469" /><testcase classname="backend.tests.test_resilience_backend.TestTestRunner" name="test_abort_running_test" time="5.686" /></testsuite></testsuites>