<?xml version="1.0" encoding="utf-8"?><testsuites name="pytest tests"><testsuite name="pytest" errors="0" failures="0" skipped="0" tests="32" time="69.502" timestamp="2026-06-17T10:00:18.617517+00:00" hostname="agent-env-abb163a6-915c-4f75-b87a-f821deea200f"><testcase classname="backend.tests.test_resilience_backend.TestAuth" name="test_register_new_user" time="0.499" /><testcase classname="backend.tests.test_resilience_backend.TestAuth" name="test_register_duplicate_email" time="0.521" /><testcase classname="backend.tests.test_resilience_backend.TestAuth" name="test_login_admin" time="0.356" /><testcase classname="backend.tests.test_resilience_backend.TestAuth" name="test_login_invalid_password" time="0.352" /><testcase classname="backend.tests.test_resilience_backend.TestAuth" name="test_me_requires_auth" time="0.128" /><testcase classname="backend.tests.test_resilience_backend.TestAuth" name="test_me_returns_current_user" time="0.368" /><testcase classname="backend.tests.test_resilience_backend.TestAuth" name="test_logout_clears_cookies" time="0.467" /><testcase classname="backend.tests.test_resilience_backend.TestProjects" name="test_list_requires_auth" time="0.134" /><testcase classname="backend.tests.test_resilience_backend.TestProjects" name="test_create_and_list" time="0.151" /><testcase classname="backend.tests.test_resilience_backend.TestProjects" name="test_create_duplicate_domain" time="0.095" /><testcase classname="backend.tests.test_resilience_backend.TestProjects" name="test_invalid_domain_format" time="0.050" /><testcase classname="backend.tests.test_resilience_backend.TestProjects" name="test_verify_returns_token_info" time="0.137" /><testcase classname="backend.tests.test_resilience_backend.TestProjects" name="test_delete_project" time="0.155" /><testcase classname="backend.tests.test_resilience_backend.TestStats" name="test_stats_overview_shape" time="0.055" /><testcase classname="backend.tests.test_resilience_backend.TestStats" name="test_stats_requires_auth" time="0.105" /><testcase classname="backend.tests.test_resilience_backend.TestSystemEndpoints" name="test_system_info_requires_auth" time="0.101" /><testcase classname="backend.tests.test_resilience_backend.TestSystemEndpoints" name="test_system_info_shape" time="0.045" /><testcase classname="backend.tests.test_resilience_backend.TestSystemEndpoints" name="test_system_live_requires_auth" time="0.128" /><testcase classname="backend.tests.test_resilience_backend.TestSystemEndpoints" name="test_system_live_shape" time="0.044" /><testcase classname="backend.tests.test_resilience_backend.TestVerifyMethods" name="test_verify_dns_unverified_returns_200" time="0.120" /><testcase classname="backend.tests.test_resilience_backend.TestVerifyMethods" name="test_verify_http_file_unverified_returns_200" time="0.183" /><testcase classname="backend.tests.test_resilience_backend.TestVerifyMethods" name="test_verify_html_meta_unverified_returns_200" time="0.142" /><testcase classname="backend.tests.test_resilience_backend.TestVerifyMethods" name="test_verify_invalid_method_returns_400" time="0.115" /><testcase classname="backend.tests.test_resilience_backend.TestPhase15Scenarios" name="test_create_burst_test" time="0.187" /><testcase classname="backend.tests.test_resilience_backend.TestPhase15Scenarios" name="test_create_mixed_test_with_extra_paths" time="0.308" /><testcase classname="backend.tests.test_resilience_backend.TestPhase15Scenarios" name="test_hardware_cap_rejects_high_rps" time="0.247" /><testcase classname="backend.tests.test_resilience_backend.TestPhase15Scenarios" name="test_hardware_cap_rejects_high_vus" time="0.271" /><testcase classname="backend.tests.test_resilience_backend.TestPhase15Scenarios" name="test_smoke_summary_has_split_counts" time="37.051" /><testcase classname="backend.tests.test_resilience_backend.TestTestRunner" name="test_create_test_unverified_returns_403" time="0.108" /><testcase classname="backend.tests.test_resilience_backend.TestTestRunner" name="test_safety_caps" time="0.307" /><testcase classname="backend.tests.test_resilience_backend.TestTestRunner" name="test_full_test_flow_smoke" time="20.681" /><testcase classname="backend.tests.test_resilience_backend.TestTestRunner" name="test_abort_running_test" time="5.701" /></testsuite></testsuites>